24-05-13-12:13:09 ====================================================================================================================================================================
24-05-13-12:13:09                                                      Update Outdated Common Components (by Add-in) for Trc.xlsm                                                     
24-05-13-12:13:09 --------------------------------------------------------------------------------------------------------------------------------------------------------------------
24-05-13-12:13:09  Standard-Module mDct ...........: Component is up-to-date! Revision-Number has been set to to 2024-01-24-16-30-53 (UTC) (the raw's in the Common Components Folder)
24-05-13-12:13:09                                    Used Common Component is up-to-date
24-05-13-12:13:09  Standard-Module mErH ...........: Component is up-to-date! Revision-Number has been set to to 2024-01-24-16-47-51 (UTC) (the raw's in the Common Components Folder)
24-05-13-12:13:09                                    Used Common Component is up-to-date
24-05-13-12:13:17  Class-Module    clsTrc .........: Outdated hosted Common Component - last modified in   C o m p M a n . x l s b   - updated by re-import of the Export-File in the Common-Components folder
24-05-13-12:13:20  UserForm        fMsg ...........: Outdated used Common Component - last modified in   C o m p M a n . x l s b   - updated by re-import of the Export-File in the Common-Components folder
24-05-13-12:13:23  Standard-Module mBasic .........: Outdated used Common Component - last modified in   B a s i c . x l s m   - updated by re-import of the Export-File in the Common-Components folder
24-05-13-12:13:25  Standard-Module mCompManClient .: Outdated used Common Component - last modified in   C o m p M a n . x l s b   - updated by re-import of the Export-File in the Common-Components folder
24-05-13-12:13:28  Standard-Module mMsg ...........: Outdated used Common Component - last modified in   P r i v P r o f . x l s b   - updated by re-import of the Export-File in the Common-Components folder
24-05-13-12:13:30  Standard-Module mTrc ...........: Outdated hosted Common Component - last modified in   P r i v P r o f . x l s b   - updated by re-import of the Export-File in the Common-Components folder
24-05-13-16:55:44 ===================================================================
24-05-13-16:55:44         Export Changed Components (by Add-in) for Trc.xlsm         
24-05-13-16:55:44 -------------------------------------------------------------------
24-05-13-16:55:44  Standard-Module TestmTrc .: Modified VBComponent e x p o r t e d !
24-05-13-16:55:44  Standard-Module TestclsTrc: Modified VBComponent e x p o r t e d !
24-05-13-16:55:44  Class-Module    clsTrc ...: Modified Common Component: e x p o r t e d !
24-05-13-16:55:44                              Modified Common Component: Last modification info changed from 2024-05-01 08:27:59 (UTC) to 2024-05-13 14:55:44 (UTC)
24-05-13-16:55:44                              Modified Common Component: Pending Release registered
24-05-13-16:55:44  Standard-Module mTrc .....: Modified Common Component: e x p o r t e d !
24-05-13-16:55:44                              Modified Common Component: Last modification info changed from 2024-05-10 21:37:20 (UTC) to 2024-05-13 14:55:44 (UTC)
24-05-13-16:55:44                              Modified Common Component: Pending Release registered
24-05-13-16:56:00  Class-Module    clsTestAid: Modified Common Component: e x p o r t e d !
24-05-13-16:56:00                              Modified Common Component: Last modification info changed from  to 2024-05-13 14:55:44 (UTC)
24-05-13-16:56:00                              Modified Common Component: Pending Release registered
24-05-13-16:56:00  Class-Module    clsLog ...: Modified Common Component: e x p o r t e d !
24-05-13-16:56:00                              Modified Common Component: Last modification info changed from  to 2024-05-13 14:56:00 (UTC)
24-05-13-16:56:00                              Modified Common Component: Pending Release registered
24-05-13-17:10:57 ===================================================================
24-05-13-17:10:57         Export Changed Components (by Add-in) for Trc.xlsm         
24-05-13-17:10:57 -------------------------------------------------------------------
24-05-13-17:10:57  Standard-Module TestmTrc .: Modified VBComponent e x p o r t e d !
24-05-13-17:10:57  Standard-Module TestclsTrc: Modified VBComponent e x p o r t e d !
24-05-13-17:10:57  Standard-Module mTrc .....: Modified Common Component: e x p o r t e d !
24-05-13-17:10:57                              Modified Common Component: Last modification info changed from 2024-05-13 14:55:44 (UTC) to 2024-05-13 15:10:57 (UTC)
24-05-13-17:10:57                              Modified Common Component: Pending Release registered
24-05-13-17:12:57 ===================================================================
24-05-13-17:12:57         Export Changed Components (by Add-in) for Trc.xlsm         
24-05-13-17:12:57 -------------------------------------------------------------------
24-05-13-17:12:57  Standard-Module TestmTrc .: Modified VBComponent e x p o r t e d !
24-05-13-17:12:57  Standard-Module TestclsTrc: Modified VBComponent e x p o r t e d !
24-05-13-17:22:28 ===================================================================
24-05-13-17:22:28         Export Changed Components (by Add-in) for Trc.xlsm         
24-05-13-17:22:28 -------------------------------------------------------------------
24-05-13-17:22:28  Standard-Module TestmTrc .: Modified VBComponent e x p o r t e d !
24-05-13-17:22:28  Standard-Module TestclsTrc: Modified VBComponent e x p o r t e d !
24-05-13-17:29:20 =====================================================================
24-05-13-17:29:20          Export Changed Components (by Add-in) for Trc.xlsm          
24-05-13-17:29:20 ---------------------------------------------------------------------
24-05-13-17:29:20  Standard-Module TestclsTrc .: Modified VBComponent e x p o r t e d !
24-05-13-17:52:07 =====================================================================
24-05-13-17:52:07          Export Changed Components (by Add-in) for Trc.xlsm          
24-05-13-17:52:07 ---------------------------------------------------------------------
24-05-13-17:52:07  Standard-Module TestclsTrc .: Modified VBComponent e x p o r t e d !
24-05-13-17:52:07  Class-Module    clsTrc .....: Modified Common Component: e x p o r t e d !
24-05-13-17:52:07                                Modified Common Component: Last modification info changed from 2024-05-13 14:55:44 (UTC) to 2024-05-13 15:52:07 (UTC)
24-05-13-17:52:07                                Modified Common Component: Pending Release registered
24-05-13-17:52:08  Standard-Module mTrc .......: Modified Common Component: e x p o r t e d !
24-05-13-17:52:08                                Modified Common Component: Last modification info changed from 2024-05-13 15:10:57 (UTC) to 2024-05-13 15:52:08 (UTC)
24-05-13-17:52:08                                Modified Common Component: Pending Release registered
24-05-13-17:52:08  Class-Module    clsTestAid .: Modified Common Component: e x p o r t e d !
24-05-13-17:52:08                                Modified Common Component: Last modification info changed from 2024-05-13 14:55:44 (UTC) to 2024-05-13 15:52:08 (UTC)
24-05-13-17:52:08                                Modified Common Component: Pending Release registered
24-05-13-18:01:40 =====================================================================
24-05-13-18:01:40          Export Changed Components (by Add-in) for Trc.xlsm          
24-05-13-18:01:40 ---------------------------------------------------------------------
24-05-13-18:01:40  Standard-Module TestclsTrc .: Modified VBComponent e x p o r t e d !
24-05-13-18:44:23 =====================================================================
24-05-13-18:44:23          Export Changed Components (by Add-in) for Trc.xlsm          
24-05-13-18:44:23 ---------------------------------------------------------------------
24-05-13-18:44:23  Standard-Module TestclsTrc .: Modified VBComponent e x p o r t e d !
24-05-13-18:44:24  Class-Module    clsTrc .....: Modified Common Component: e x p o r t e d !
24-05-13-18:44:24                                Modified Common Component: Last modification info changed from 2024-05-13 15:52:07 (UTC) to 2024-05-13 16:44:23 (UTC)
24-05-13-18:44:24                                Modified Common Component: Pending Release registered
24-05-13-18:44:24  Standard-Module mTrc .......: Modified Common Component: e x p o r t e d !
24-05-13-18:44:24                                Modified Common Component: Last modification info changed from 2024-05-13 15:52:08 (UTC) to 2024-05-13 16:44:24 (UTC)
24-05-13-18:44:24                                Modified Common Component: Pending Release registered
24-05-13-18:44:24  Class-Module    clsTestAid .: Modified Common Component: e x p o r t e d !
24-05-13-18:44:24                                Modified Common Component: Last modification info changed from 2024-05-13 15:52:08 (UTC) to 2024-05-13 16:44:24 (UTC)
24-05-13-18:44:24                                Modified Common Component: Pending Release registered
24-05-13-18:59:18 ===================================================================
24-05-13-18:59:18         Export Changed Components (by Add-in) for Trc.xlsm         
24-05-13-18:59:18 -------------------------------------------------------------------
24-05-13-18:59:18  Standard-Module TestmTrc .: Modified VBComponent e x p o r t e d !
24-05-13-18:59:18  Standard-Module TestclsTrc: Modified VBComponent e x p o r t e d !
24-05-13-18:59:18  Standard-Module TrcTest ..: Modified VBComponent e x p o r t e d !
24-05-13-19:03:24 ===================================================================
24-05-13-19:03:24         Export Changed Components (by Add-in) for Trc.xlsm         
24-05-13-19:03:24 -------------------------------------------------------------------
24-05-13-19:03:24  Standard-Module TestmTrc .: Modified VBComponent e x p o r t e d !
24-05-13-19:03:24  Standard-Module TestclsTrc: Modified VBComponent e x p o r t e d !
24-05-13-19:28:49 ===================================================================
24-05-13-19:28:49         Export Changed Components (by Add-in) for Trc.xlsm         
24-05-13-19:28:49 -------------------------------------------------------------------
24-05-13-19:28:49  Standard-Module TestmTrc .: Modified VBComponent e x p o r t e d !
24-05-13-19:28:49  Standard-Module TestclsTrc: Modified VBComponent e x p o r t e d !
24-05-13-19:28:49  Standard-Module mTrc .....: Modified Common Component: e x p o r t e d !
24-05-13-19:28:49                              Modified Common Component: Last modification info changed from 2024-05-13 16:44:24 (UTC) to 2024-05-13 17:28:49 (UTC)
24-05-13-19:28:49                              Modified Common Component: Pending Release registered
24-05-13-19:36:33 =====================================================================
24-05-13-19:36:33          Export Changed Components (by Add-in) for Trc.xlsm          
24-05-13-19:36:33 ---------------------------------------------------------------------
24-05-13-19:36:33  Standard-Module mTrc .: Modified Common Component: e x p o r t e d !
24-05-13-19:36:33                          Modified Common Component: Last modification info changed from 2024-05-13 17:28:49 (UTC) to 2024-05-13 17:36:33 (UTC)
24-05-13-19:36:33                          Modified Common Component: Pending Release registered
24-05-14-10:09:43 ======================================================================
24-05-14-10:09:43       Update Outdated Common Components (by Add-in) for Trc.xlsm      
24-05-14-10:09:43 ----------------------------------------------------------------------
24-05-14-10:09:43  Class-Module    clsLog .........: Used Common Component is up-to-date
24-05-14-10:09:43  Class-Module    clsTestAid .....: Used Common Component is up-to-date
24-05-14-10:09:43  Class-Module    clsTrc .........: Used Common Component is up-to-date
24-05-14-10:09:43  UserForm        fMsg ...........: Component is up-to-date! Revision-Number has been set to to 2024-02-08-14-35-34 (UTC) (the raw's in the Common Components Folder)
24-05-14-10:09:43                                    Used Common Component is up-to-date
24-05-14-10:09:43  Standard-Module mBasic .........: Component is up-to-date! Revision-Number has been set to to 2024-02-10-18-01-12 (UTC) (the raw's in the Common Components Folder)
24-05-14-10:09:43                                    Used Common Component is up-to-date
24-05-14-10:09:43  Standard-Module mCompManClient .: Component is up-to-date! Revision-Number has been set to to 2024-02-08-14-21-51 (UTC) (the raw's in the Common Components Folder)
24-05-14-10:09:43                                    Used Common Component is up-to-date
24-05-14-10:09:43  Standard-Module mDct ...........: Component is up-to-date! Revision-Number has been set to to 2024-01-24-16-30-53 (UTC) (the raw's in the Common Components Folder)
24-05-14-10:09:43                                    Used Common Component is up-to-date
24-05-14-10:09:43  Standard-Module mErH ...........: Component is up-to-date! Revision-Number has been set to to 2024-01-24-16-47-51 (UTC) (the raw's in the Common Components Folder)
24-05-14-10:09:43                                    Used Common Component is up-to-date
24-05-14-10:09:43  Standard-Module mMsg ...........: Component is up-to-date! Revision-Number has been set to to 2024-05-09 09:18:30 (UTC) (the raw's in the Common Components Folder)
24-05-14-10:09:43                                    Used Common Component is up-to-date
24-05-14-10:09:43  Standard-Module mTrc ...........: Used Common Component is up-to-date
24-05-14-12:48:34 ====================================================================
24-05-14-12:48:34          Export Changed Components (by Add-in) for Trc.xlsm         
24-05-14-12:48:34 --------------------------------------------------------------------
24-05-14-12:48:34  Standard-Module mTestmTrc .: Modified VBComponent e x p o r t e d !
24-05-14-12:48:34  Standard-Module mTestclsTrc: Modified VBComponent e x p o r t e d !
24-05-14-12:48:34  Class-Module    clsTrc ....: Modified Common Component: e x p o r t e d !
24-05-14-12:48:34                               Modified Common Component: Last modification info changed from 2024-05-13 16:44:23 (UTC) to 2024-05-14 10:48:34 (UTC)
24-05-14-12:48:34                               Modified Common Component: Pending Release registered
24-05-14-12:48:34  Class-Module    clsTestAid : Modified Common Component: e x p o r t e d !
24-05-14-12:48:34                               Modified Common Component: Last modification info changed from 2024-05-13 16:44:24 (UTC) to 2024-05-14 10:48:34 (UTC)
24-05-14-12:48:34                               Modified Common Component: Pending Release registered
24-05-14-12:48:34  Standard-Module mTest .....: Modified VBComponent e x p o r t e d !
24-05-14-13:03:17 ======================================================================
24-05-14-13:03:17           Export Changed Components (by Add-in) for Trc.xlsm          
24-05-14-13:03:17 ----------------------------------------------------------------------
24-05-14-13:03:17  Standard-Module mTestclsTrc .: Modified VBComponent e x p o r t e d !
24-05-14-13:03:17  Class-Module    clsTrc ......: Modified Common Component: e x p o r t e d !
24-05-14-13:03:17                                 Modified Common Component: Last modification info changed from 2024-05-14 10:48:34 (UTC) to 2024-05-14 11:03:17 (UTC)
24-05-14-13:03:17                                 Modified Common Component: Pending Release registered
24-05-14-13:03:17  Standard-Module mTest .......: Modified VBComponent e x p o r t e d !
24-05-14-13:09:41 ======================================================================
24-05-14-13:09:41           Export Changed Components (by Add-in) for Trc.xlsm          
24-05-14-13:09:41 ----------------------------------------------------------------------
24-05-14-13:09:41  Standard-Module mTestclsTrc .: Modified VBComponent e x p o r t e d !
24-05-14-13:09:41  Standard-Module mTest .......: Modified VBComponent e x p o r t e d !
24-05-14-13:14:58 ====================================================================
24-05-14-13:14:58          Export Changed Components (by Add-in) for Trc.xlsm         
24-05-14-13:14:58 --------------------------------------------------------------------
24-05-14-13:14:58  Standard-Module mTestmTrc .: Modified VBComponent e x p o r t e d !
24-05-14-13:14:58  Standard-Module mTestclsTrc: Modified VBComponent e x p o r t e d !
24-05-14-13:14:58  Standard-Module mTest .....: Modified VBComponent e x p o r t e d !
24-05-14-13:15:45 ======================================================================
24-05-14-13:15:45           Export Changed Components (by Add-in) for Trc.xlsm          
24-05-14-13:15:45 ----------------------------------------------------------------------
24-05-14-13:15:45  Standard-Module mTestclsTrc .: Modified VBComponent e x p o r t e d !
24-05-14-13:15:45  Standard-Module mTest .......: Modified VBComponent e x p o r t e d !
24-05-14-13:22:23 ====================================================================
24-05-14-13:22:23          Export Changed Components (by Add-in) for Trc.xlsm         
24-05-14-13:22:23 --------------------------------------------------------------------
24-05-14-13:22:23  Class-Module clsTrc .: Modified Common Component: e x p o r t e d !
24-05-14-13:22:23                         Modified Common Component: Last modification info changed from 2024-05-14 11:03:17 (UTC) to 2024-05-14 11:22:23 (UTC)
24-05-14-13:22:23                         Modified Common Component: Pending Release registered
24-05-14-13:22:23  Standard-Mod mTest ..: Modified VBComponent e x p o r t e d !
24-05-14-13:37:36 ======================================================================
24-05-14-13:37:36           Export Changed Components (by Add-in) for Trc.xlsm          
24-05-14-13:37:36 ----------------------------------------------------------------------
24-05-14-13:37:36  Standard-Module mTestclsTrc .: Modified VBComponent e x p o r t e d !
24-05-14-13:37:36  Class-Module    clsTrc ......: Modified Common Component: e x p o r t e d !
24-05-14-13:37:36                                 Modified Common Component: Last modification info changed from 2024-05-14 11:22:23 (UTC) to 2024-05-14 11:37:36 (UTC)
24-05-14-13:37:36                                 Modified Common Component: Pending Release registered
24-05-14-17:44:28 ====================================================================
24-05-14-17:44:28          Export Changed Components (by Add-in) for Trc.xlsm         
24-05-14-17:44:28 --------------------------------------------------------------------
24-05-14-17:44:28  Standard-Module mTestmTrc .: Modified VBComponent e x p o r t e d !
24-05-14-17:44:28  Standard-Module mTestclsTrc: Modified VBComponent e x p o r t e d !
24-05-14-17:44:28  Standard-Module mTrc ......: Modified Common Component: e x p o r t e d !
24-05-14-17:44:28                               Modified Common Component: Last modification info changed from 2024-05-13 17:36:33 (UTC) to 2024-05-14 15:44:28 (UTC)
24-05-14-17:44:28                               Modified Common Component: Pending Release registered
24-05-14-17:44:28  Standard-Module mTest .....: Modified VBComponent e x p o r t e d !
24-05-14-17:51:08 ====================================================================
24-05-14-17:51:08          Export Changed Components (by Add-in) for Trc.xlsm         
24-05-14-17:51:08 --------------------------------------------------------------------
24-05-14-17:51:08  Standard-Module mTestmTrc .: Modified VBComponent e x p o r t e d !
24-05-14-17:53:32 =====================================================================
24-05-14-17:53:32          Export Changed Components (by Add-in) for Trc.xlsm          
24-05-14-17:53:32 ---------------------------------------------------------------------
24-05-14-17:53:32  Standard-Module mTrc .: Modified Common Component: e x p o r t e d !
24-05-14-17:53:32                          Modified Common Component: Last modification info changed from 2024-05-14 15:44:28 (UTC) to 2024-05-14 15:53:31 (UTC)
24-05-14-17:53:32                          Modified Common Component: Pending Release registered
