24-12-10 17:58:38 Elapsed Length  Execution trace by 'Common VBA Execution Trace Service (mTrc)' (https://github.com/warbe-maker/VBA-Trace)
24-12-10 17:58:38 seconds seconds >> Begin execution trace 
24-12-10 17:58:38 00,0000         |  >> mTestclsTrc.Regression_Test (arg1, arg2)
24-12-10 17:58:40 01,4891         |  |  >> mTestclsTrc.Test_01_Execution_Trace
24-12-10 17:58:40 01,4921         |  |  |  >> mTestclsTrc.Test_01_Execution_Trace_TestProc_01a (xxxx, arg2=yyyy, 12,8)
24-12-10 17:58:40 01,5097         |  |  |  |  >> mTestclsTrc.Test_01_Execution_Trace_TestProc_01b
24-12-10 17:58:40 01,6013 00,0916 |  |  |  |  << mTestclsTrc.Test_01_Execution_Trace_TestProc_01b
24-12-10 17:58:40 01,6029         |  |  |  |  >> mTestclsTrc.Test_01_Execution_Trace_TestProc_01c
24-12-10 17:58:40 01,6063 00,0034 |  |  |  |  << mTestclsTrc.Test_01_Execution_Trace_TestProc_01c
24-12-10 17:58:40 01,6128 00,1207 |  |  |  << mTestclsTrc.Test_01_Execution_Trace_TestProc_01a
24-12-10 17:58:40 01,6131 00,1241 |  |  << mTestclsTrc.Test_01_Execution_Trace
24-12-10 17:58:41 02,6854         |  |  >> mTestclsTrc.Test_02_Execution_Trace_With_Error
24-12-10 17:58:41 02,6861         |  |  |  >> mTestclsTrc.Test_02_Execution_Trace_With_Error_TestProc_01a
24-12-10 17:58:41 02,6877         |  |  |  |  >> mTestclsTrc.Test_02_Execution_Trace_With_Error_TestProc_01b
24-12-10 17:58:41 02,7875 00,0998 |  |  |  |  << mTestclsTrc.Test_02_Execution_Trace_With_Error_TestProc_01b
24-12-10 17:58:41 02,7883         |  |  |  |  >> mTestclsTrc.Test_02_Execution_Trace_With_Error_TestProc_01c
24-12-10 17:58:41 02,7933 00,0050 |  |  |  |  << mTestclsTrc.Test_02_Execution_Trace_With_Error_TestProc_01c (VB-Runtime Error 6 )
24-12-10 17:58:41 02,7941 00,1080 |  |  |  << mTestclsTrc.Test_02_Execution_Trace_With_Error_TestProc_01a
24-12-10 17:58:41 02,7946 00,1092 |  |  << mTestclsTrc.Test_02_Execution_Trace_With_Error
24-12-10 17:58:42 03,8173         |  |  >> mTestclsTrc.Test_03_BoP_EoP
24-12-10 17:58:42 03,8181         |  |  |  >> mTestclsTrc.Test_03_BoP_EoP_TestProc_03b_paired_BoP_EoP
24-12-10 17:58:42 03,8188         |  |  |  |  >> mTestclsTrc.Test_03_BoP_EoP_TestProc_03c_paired_BoP_EoP
24-12-10 17:58:42 03,8194         |  |  |  |  |  > mTestclsTrc.Test_03_BoP_EoP_TestProc_03c_paired_BoP_EoP trace of some code lines (EoC statement missing!)
24-12-10 17:58:42 03,8200 00,0012 |  |  |  << mTestclsTrc.Test_03_BoP_EoP_TestProc_03c_paired_BoP_EoP
24-12-10 17:58:42 03,8205 00,0024 |  |  << mTestclsTrc.Test_03_BoP_EoP_TestProc_03b_paired_BoP_EoP
24-12-10 17:58:42 03,8214         |  |  >> mTestclsTrc.Test_03_BoP_EoP_TestProc_03d_missing_EoP
24-12-10 17:58:42 03,8222         |  |  |  >> mTestclsTrc.Test_03_BoP_EoP_TestProc_03e_BoC_EoC
24-12-10 17:58:42 03,8228         |  |  |  |  > Test_03_BoP_EoP_TestProc_03e_BoC_EoC code trace empty loop 1 to 10000000
24-12-10 17:58:42 03,9044 00,0815 |  |  |  |  < Test_03_BoP_EoP_TestProc_03e_BoC_EoC code trace empty loop 1 to 10000000
24-12-10 17:58:42 03,9049 00,0827 |  |  |  << mTestclsTrc.Test_03_BoP_EoP_TestProc_03e_BoC_EoC
24-12-10 17:58:42 03,9053 00,0880 << mTestclsTrc.Test_03_BoP_EoP
24-12-10 17:58:42 03,9070 03,9070 << mTestclsTrc.Regression_Test (arg1, arg2)
24-12-10 17:58:42 03,9070 03,9070 << End execution trace 
24-12-10 17:58:42                 Execution trace by 'Common VBA Execution Trace Service (mTrc)' (https://github.com/warbe-maker/VBA-Trace)
24-12-10 17:58:42                 Impact on the overall performance (caused by the trace itself): 0,3 milliseconds!
