23-05-03 10:03:33 Execution trace by 'Common VBA Execution Trace Service' (https://github.com/warbe-maker/Common-VBA-Execution-Trace-Service)
23-05-03 10:03:33                 >> Begin execution trace 
23-05-03 10:03:33 00,0000         |  >> mLogTest.Test_00_Regression
23-05-03 10:03:33 00,0023         |  |  >> mLogTest.Test_01_ColsHeader
23-05-03 10:03:33 00,0028 00,0006 |  |  << mLogTest.Test_01_ColsHeader
23-05-03 10:03:33                 |  |  Test  p a s s e d !
23-05-03 10:03:33 00,0038         |  |  >> mLogTest.Test_02_ColsWidth
23-05-03 10:03:33 00,0041 00,0003 |  |  << mLogTest.Test_02_ColsWidth
23-05-03 10:03:33                 |  |  Test  p a s s e d !
23-05-03 10:03:33 00,0256         |  |  >> mLogTest.Test_03_Property_Name
23-05-03 10:03:33 00,0260 00,0005 |  |  << mLogTest.Test_03_Property_Name
23-05-03 10:03:33                 |  |  Test  p a s s e d !
23-05-03 10:03:33 00,0266         |  |  >> mLogTest.Test_04_Property_Path_As_Workbook
23-05-03 10:03:33 00,0270 00,0004 |  |  << mLogTest.Test_04_Property_Path_As_Workbook
23-05-03 10:03:33                 |  |  Test  p a s s e d !
23-05-03 10:03:33 00,0277         |  |  >> mLogTest.Test_05_WriteHeader
23-05-03 10:03:33 00,0312 00,0035 |  |  << mLogTest.Test_05_WriteHeader
23-05-03 10:03:33                 |  |  Test  p a s s e d !
23-05-03 10:03:33 00,0319         |  |  >> mLogTest.Test_06_Log_Items
23-05-03 10:03:33 00,0372 00,0053 |  |  << mLogTest.Test_06_Log_Items
23-05-03 10:03:33                 |  |  Test  p a s s e d !
23-05-03 10:03:33 00,0376 00,0376 |  << mLogTest.Test_00_Regression
23-05-03 10:03:33 00,0376 00,0376 << End execution trace 
23-05-03 10:03:33                 Impact on the overall performance (caused by the trace itself): 00,0002 seconds!
23-05-03 10:03:33 Execution trace by 'Common VBA Execution Trace Service' (https://github.com/warbe-maker/Common-VBA-Execution-Trace-Service)
